<?xml version="1.0" encoding="UTF-8"?>
<testng-results ignored="0" total="2" passed="2" failed="0" skipped="0">
  <reporter-output>
  </reporter-output>
  <suite started-at="2024-01-13T20:32:52 IST" name="Suite" finished-at="2024-01-13T20:34:37 IST" duration-ms="104789">
    <groups>
    </groups>
    <test started-at="2024-01-13T20:32:52 IST" name="Test" finished-at="2024-01-13T20:34:37 IST" duration-ms="104789">
      <class name="qa.testFiles.TestClass">
        <test-method is-config="true" signature="beforeTestMethod()[pri:0, instance:qa.testFiles.TestClass@741a8937]" started-at="2024-01-13T20:32:52 IST" name="beforeTestMethod" finished-at="2024-01-13T20:32:53 IST" duration-ms="209" status="PASS">
          <reporter-output>
          </reporter-output>
        </test-method> <!-- beforeTestMethod -->
        <test-method is-config="true" signature="beforeMethodMetod(java.lang.String,java.lang.reflect.Method)[pri:0, instance:qa.testFiles.TestClass@741a8937]" started-at="2024-01-13T20:32:53 IST" name="beforeMethodMetod" finished-at="2024-01-13T20:34:29 IST" duration-ms="96769" status="PASS">
          <params>
            <param index="0">
              <value>
                <![CDATA[chrome]]>
              </value>
            </param>
            <param index="1">
              <value>
                <![CDATA[public void qa.testFiles.TestClass.testHomeElements()]]>
              </value>
            </param>
          </params>
          <reporter-output>
          </reporter-output>
        </test-method> <!-- beforeMethodMetod -->
        <test-method signature="testHomeElements()[pri:1, instance:qa.testFiles.TestClass@741a8937]" started-at="2024-01-13T20:34:29 IST" name="testHomeElements" finished-at="2024-01-13T20:34:30 IST" duration-ms="308" status="PASS">
          <reporter-output>
          </reporter-output>
        </test-method> <!-- testHomeElements -->
        <test-method is-config="true" signature="afterMethod(org.testng.ITestResult)[pri:0, instance:qa.testFiles.TestClass@741a8937]" started-at="2024-01-13T20:34:30 IST" name="afterMethod" finished-at="2024-01-13T20:34:30 IST" duration-ms="131" status="PASS">
          <params>
            <param index="0">
              <value>
                <![CDATA[[TestResult name=testHomeElements status=SUCCESS method=TestClass.testHomeElements()[pri:1, instance:qa.testFiles.TestClass@741a8937] output={null}]]]>
              </value>
            </param>
          </params>
          <reporter-output>
          </reporter-output>
        </test-method> <!-- afterMethod -->
        <test-method is-config="true" signature="beforeMethodMetod(java.lang.String,java.lang.reflect.Method)[pri:0, instance:qa.testFiles.TestClass@741a8937]" started-at="2024-01-13T20:34:30 IST" name="beforeMethodMetod" finished-at="2024-01-13T20:34:37 IST" duration-ms="6875" status="PASS">
          <params>
            <param index="0">
              <value>
                <![CDATA[chrome]]>
              </value>
            </param>
            <param index="1">
              <value>
                <![CDATA[public void qa.testFiles.TestClass.testAboutTab()]]>
              </value>
            </param>
          </params>
          <reporter-output>
          </reporter-output>
        </test-method> <!-- beforeMethodMetod -->
        <test-method signature="testAboutTab()[pri:2, instance:qa.testFiles.TestClass@741a8937]" started-at="2024-01-13T20:34:37 IST" name="testAboutTab" finished-at="2024-01-13T20:34:37 IST" duration-ms="34" status="PASS">
          <reporter-output>
          </reporter-output>
        </test-method> <!-- testAboutTab -->
        <test-method is-config="true" signature="afterMethod(org.testng.ITestResult)[pri:0, instance:qa.testFiles.TestClass@741a8937]" started-at="2024-01-13T20:34:37 IST" name="afterMethod" finished-at="2024-01-13T20:34:37 IST" duration-ms="159" status="PASS">
          <params>
            <param index="0">
              <value>
                <![CDATA[[TestResult name=testAboutTab status=SUCCESS method=TestClass.testAboutTab()[pri:2, instance:qa.testFiles.TestClass@741a8937] output={null}]]]>
              </value>
            </param>
          </params>
          <reporter-output>
          </reporter-output>
        </test-method> <!-- afterMethod -->
        <test-method is-config="true" signature="afterTest()[pri:0, instance:qa.testFiles.TestClass@741a8937]" started-at="2024-01-13T20:34:37 IST" name="afterTest" finished-at="2024-01-13T20:34:37 IST" duration-ms="267" status="PASS">
          <reporter-output>
          </reporter-output>
        </test-method> <!-- afterTest -->
      </class> <!-- qa.testFiles.TestClass -->
    </test> <!-- Test -->
  </suite> <!-- Suite -->
</testng-results>
